<?xml version="1.0" encoding="UTF-8"?>
<testsuite name="com.springboot.rest.AppTest" tests="1" skipped="0" failures="0" errors="0" timestamp="2017-05-16T13:41:01" hostname="REDJOHN-PC" time="0.001">
  <properties/>
  <testcase name="testApp" classname="com.springboot.rest.AppTest" time="0.001"/>
  <system-out><![CDATA[]]></system-out>
  <system-err><![CDATA[]]></system-err>
</testsuite>
